[main bdc855e] UwULogsData auto update - 2025-05-15 19:24:41
 30 files changed, 202779 insertions(+), 202779 deletions(-)
error: cannot pull with rebase: You have unstaged changes.
error: please commit or stash them.
To https://github.com/Bomo2/UwULogsTooltip.git
 ! [rejected]        main -> main (fetch first)
error: failed to push some refs to 'https://github.com/Bomo2/UwULogsTooltip.git'
hint: Updates were rejected because the remote contains work that you do
hint: not have locally. This is usually caused by another repository pushing
hint: to the same ref. You may want to first integrate the remote changes
hint: (e.g., 'git pull ...') before pushing again.
hint: See the 'Note about fast-forwards' in 'git push --help' for details.
Processing class 0 spec 1 (Blood)...
✅ Saved LUA: class_0_spec_1.lua
Processing class 0 spec 2 (Frost)...
✅ Saved LUA: class_0_spec_2.lua
Processing class 0 spec 3 (Unholy)...
✅ Saved LUA: class_0_spec_3.lua
Processing class 1 spec 1 (Balance)...
✅ Saved LUA: class_1_spec_1.lua
Processing class 1 spec 2 (Feral Combat)...
✅ Saved LUA: class_1_spec_2.lua
Processing class 1 spec 3 (Restoration)...
✅ Saved LUA: class_1_spec_3.lua
Processing class 2 spec 1 (Beast Mastery)...
✅ Saved LUA: class_2_spec_1.lua
Processing class 2 spec 2 (Marksmanship)...
✅ Saved LUA: class_2_spec_2.lua
Processing class 2 spec 3 (Survival)...
✅ Saved LUA: class_2_spec_3.lua
Processing class 3 spec 1 (Arcane)...
✅ Saved LUA: class_3_spec_1.lua
Processing class 3 spec 2 (Fire)...
✅ Saved LUA: class_3_spec_2.lua
Processing class 3 spec 3 (Frost)...
✅ Saved LUA: class_3_spec_3.lua
Processing class 4 spec 1 (Holy)...
✅ Saved LUA: class_4_spec_1.lua
Processing class 4 spec 2 (Protection)...
✅ Saved LUA: class_4_spec_2.lua
Processing class 4 spec 3 (Retribution)...
✅ Saved LUA: class_4_spec_3.lua
Processing class 5 spec 1 (Discipline)...
✅ Saved LUA: class_5_spec_1.lua
Processing class 5 spec 2 (Holy)...
✅ Saved LUA: class_5_spec_2.lua
Processing class 5 spec 3 (Shadow)...
✅ Saved LUA: class_5_spec_3.lua
Processing class 6 spec 1 (Assassination)...
✅ Saved LUA: class_6_spec_1.lua
Processing class 6 spec 2 (Combat)...
✅ Saved LUA: class_6_spec_2.lua
Processing class 6 spec 3 (Subtlety)...
✅ Saved LUA: class_6_spec_3.lua
Processing class 7 spec 1 (Elemental)...
✅ Saved LUA: class_7_spec_1.lua
Processing class 7 spec 2 (Enhancement)...
✅ Saved LUA: class_7_spec_2.lua
Processing class 7 spec 3 (Restoration)...
✅ Saved LUA: class_7_spec_3.lua
Processing class 8 spec 1 (Affliction)...
✅ Saved LUA: class_8_spec_1.lua
Processing class 8 spec 2 (Demonology)...
✅ Saved LUA: class_8_spec_2.lua
Processing class 8 spec 3 (Destruction)...
✅ Saved LUA: class_8_spec_3.lua
Processing class 9 spec 1 (Arms)...
✅ Saved LUA: class_9_spec_1.lua
Processing class 9 spec 2 (Fury)...
✅ Saved LUA: class_9_spec_2.lua
Processing class 9 spec 3 (Protection)...
✅ Saved LUA: class_9_spec_3.lua
=== UwULogs: Pushing updated LUA files to GitHub ===
✅ UwULogs: Data pushed successfully to GitHub.
On branch main
Changes not staged for commit:
  (use "git add <file>..." to update what will be committed)
  (use "git restore <file>..." to discard changes in working directory)
	modified:   README.md
	modified:   UwULogsData/class_5_spec_2.lua

Untracked files:
  (use "git add <file>..." to include in what will be committed)
	cron.log
	debug_uwu.html
	parse_update.json
	uwu_logs_rank.py
	venv/

no changes added to commit (use "git add" and/or "git commit -a")
error: cannot pull with rebase: You have unstaged changes.
error: please commit or stash them.
To https://github.com/Bomo2/UwULogsTooltip.git
 ! [rejected]        main -> main (fetch first)
error: failed to push some refs to 'https://github.com/Bomo2/UwULogsTooltip.git'
hint: Updates were rejected because the remote contains work that you do
hint: not have locally. This is usually caused by another repository pushing
hint: to the same ref. You may want to first integrate the remote changes
hint: (e.g., 'git pull ...') before pushing again.
hint: See the 'Note about fast-forwards' in 'git push --help' for details.
Processing class 0 spec 1 (Blood)...
✅ Saved LUA: class_0_spec_1.lua
Processing class 0 spec 2 (Frost)...
✅ Saved LUA: class_0_spec_2.lua
Processing class 0 spec 3 (Unholy)...
✅ Saved LUA: class_0_spec_3.lua
Processing class 1 spec 1 (Balance)...
✅ Saved LUA: class_1_spec_1.lua
Processing class 1 spec 2 (Feral Combat)...
✅ Saved LUA: class_1_spec_2.lua
Processing class 1 spec 3 (Restoration)...
✅ Saved LUA: class_1_spec_3.lua
Processing class 2 spec 1 (Beast Mastery)...
✅ Saved LUA: class_2_spec_1.lua
Processing class 2 spec 2 (Marksmanship)...
✅ Saved LUA: class_2_spec_2.lua
Processing class 2 spec 3 (Survival)...
✅ Saved LUA: class_2_spec_3.lua
Processing class 3 spec 1 (Arcane)...
✅ Saved LUA: class_3_spec_1.lua
Processing class 3 spec 2 (Fire)...
✅ Saved LUA: class_3_spec_2.lua
Processing class 3 spec 3 (Frost)...
✅ Saved LUA: class_3_spec_3.lua
Processing class 4 spec 1 (Holy)...
✅ Saved LUA: class_4_spec_1.lua
Processing class 4 spec 2 (Protection)...
✅ Saved LUA: class_4_spec_2.lua
Processing class 4 spec 3 (Retribution)...
✅ Saved LUA: class_4_spec_3.lua
Processing class 5 spec 1 (Discipline)...
✅ Saved LUA: class_5_spec_1.lua
Processing class 5 spec 2 (Holy)...
✅ Saved LUA: class_5_spec_2.lua
Processing class 5 spec 3 (Shadow)...
✅ Saved LUA: class_5_spec_3.lua
Processing class 6 spec 1 (Assassination)...
✅ Saved LUA: class_6_spec_1.lua
Processing class 6 spec 2 (Combat)...
✅ Saved LUA: class_6_spec_2.lua
Processing class 6 spec 3 (Subtlety)...
✅ Saved LUA: class_6_spec_3.lua
Processing class 7 spec 1 (Elemental)...
✅ Saved LUA: class_7_spec_1.lua
Processing class 7 spec 2 (Enhancement)...
✅ Saved LUA: class_7_spec_2.lua
Processing class 7 spec 3 (Restoration)...
✅ Saved LUA: class_7_spec_3.lua
Processing class 8 spec 1 (Affliction)...
✅ Saved LUA: class_8_spec_1.lua
Processing class 8 spec 2 (Demonology)...
✅ Saved LUA: class_8_spec_2.lua
Processing class 8 spec 3 (Destruction)...
✅ Saved LUA: class_8_spec_3.lua
Processing class 9 spec 1 (Arms)...
✅ Saved LUA: class_9_spec_1.lua
Processing class 9 spec 2 (Fury)...
✅ Saved LUA: class_9_spec_2.lua
Processing class 9 spec 3 (Protection)...
✅ Saved LUA: class_9_spec_3.lua
=== UwULogs: Pushing updated LUA files to GitHub ===
✅ UwULogs: Data pushed successfully to GitHub.
